<?xml version="1.0" encoding="UTF-8"?>
<testng-results total="1" passed="1" failed="0" skipped="0">
  <reporter-output>
  </reporter-output>
  <suite started-at="2018-08-28T21:35:05Z" name="Default suite" finished-at="2018-08-28T21:35:37Z" duration-ms="32309">
    <groups>
    </groups>
    <test started-at="2018-08-28T21:35:05Z" name="Default test" finished-at="2018-08-28T21:35:37Z" duration-ms="32309">
      <class name="multipleWindowDemo.MultipleTabsHandling">
        <test-method is-config="true" signature="InvokeBrowser()[pri:0, instance:multipleWindowDemo.MultipleTabsHandling@895e367]" started-at="2018-08-28T17:35:05Z" name="InvokeBrowser" finished-at="2018-08-28T17:35:12Z" duration-ms="7293" status="PASS">
          <reporter-output>
          </reporter-output>
        </test-method> <!-- InvokeBrowser -->
        <test-method signature="IFrameHandle()[pri:0, instance:multipleWindowDemo.MultipleTabsHandling@895e367]" started-at="2018-08-28T17:35:12Z" name="IFrameHandle" finished-at="2018-08-28T17:35:33Z" duration-ms="20552" status="PASS">
          <reporter-output>
          </reporter-output>
        </test-method> <!-- IFrameHandle -->
        <test-method is-config="true" signature="tearDown()[pri:0, instance:multipleWindowDemo.MultipleTabsHandling@895e367]" started-at="2018-08-28T17:35:33Z" name="tearDown" finished-at="2018-08-28T17:35:37Z" duration-ms="4435" status="PASS">
          <reporter-output>
          </reporter-output>
        </test-method> <!-- tearDown -->
      </class> <!-- multipleWindowDemo.MultipleTabsHandling -->
    </test> <!-- Default test -->
  </suite> <!-- Default suite -->
</testng-results>
